Analysis & Synthesis report for Lab1
Sat Oct 22 21:32:59 2022
Quartus Prime Version 21.1.0 Build 842 10/21/2021 SJ Lite Edition


---------------------
; Table of Contents ;
---------------------
  1. Legal Notice
  2. Analysis & Synthesis Summary
  3. Analysis & Synthesis Settings
  4. Parallel Compilation
  5. Analysis & Synthesis Source Files Read
  6. Analysis & Synthesis Resource Usage Summary
  7. Analysis & Synthesis Resource Utilization by Entity
  8. General Register Statistics
  9. Post-Synthesis Netlist Statistics for Top Partition
 10. Elapsed Time Per Partition
 11. Analysis & Synthesis Messages



----------------
; Legal Notice ;
----------------
Copyright (C) 2021  Intel Corporation. All rights reserved.
Your use of Intel Corporation's design tools, logic functions 
and other software and tools, and any partner logic 
functions, and any output files from any of the foregoing 
(including device programming or simulation files), and any 
associated documentation or information are expressly subject 
to the terms and conditions of the Intel Program License 
Subscription Agreement, the Intel Quartus Prime License Agreement,
the Intel FPGA IP License Agreement, or other applicable license
agreement, including, without limitation, that your use is for
the sole purpose of programming logic devices manufactured by
Intel and sold by Intel or its authorized distributors.  Please
refer to the applicable agreement for further details, at
https://fpgasoftware.intel.com/eula.



+----------------------------------------------------------------------------------+
; Analysis & Synthesis Summary                                                     ;
+------------------------------------+---------------------------------------------+
; Analysis & Synthesis Status        ; Successful - Sat Oct 22 21:32:59 2022       ;
; Quartus Prime Version              ; 21.1.0 Build 842 10/21/2021 SJ Lite Edition ;
; Revision Name                      ; Lab1                                        ;
; Top-level Entity Name              ; tb_DecodeMessage                            ;
; Family                             ; MAX 10                                      ;
; Total logic elements               ; 0                                           ;
;     Total combinational functions  ; 0                                           ;
;     Dedicated logic registers      ; 0                                           ;
; Total registers                    ; 0                                           ;
; Total pins                         ; 192                                         ;
; Total virtual pins                 ; 0                                           ;
; Total memory bits                  ; 0                                           ;
; Embedded Multiplier 9-bit elements ; 0                                           ;
; Total PLLs                         ; 0                                           ;
; UFM blocks                         ; 0                                           ;
; ADC blocks                         ; 0                                           ;
+------------------------------------+---------------------------------------------+


+------------------------------------------------------------------------------------------------------------+
; Analysis & Synthesis Settings                                                                              ;
+------------------------------------------------------------------+--------------------+--------------------+
; Option                                                           ; Setting            ; Default Value      ;
+------------------------------------------------------------------+--------------------+--------------------+
; Device                                                           ; 10M50DAF484C7G     ;                    ;
; Top-level entity name                                            ; tb_DecodeMessage   ; Lab1               ;
; Family name                                                      ; MAX 10             ; Cyclone V          ;
; Use smart compilation                                            ; Off                ; Off                ;
; Enable parallel Assembler and Timing Analyzer during compilation ; On                 ; On                 ;
; Enable compact report table                                      ; Off                ; Off                ;
; Restructure Multiplexers                                         ; Auto               ; Auto               ;
; Create Debugging Nodes for IP Cores                              ; Off                ; Off                ;
; Preserve fewer node names                                        ; On                 ; On                 ;
; Intel FPGA IP Evaluation Mode                                    ; Enable             ; Enable             ;
; Verilog Version                                                  ; Verilog_2001       ; Verilog_2001       ;
; VHDL Version                                                     ; VHDL_1993          ; VHDL_1993          ;
; State Machine Processing                                         ; Auto               ; Auto               ;
; Safe State Machine                                               ; Off                ; Off                ;
; Extract Verilog State Machines                                   ; On                 ; On                 ;
; Extract VHDL State Machines                                      ; On                 ; On                 ;
; Ignore Verilog initial constructs                                ; Off                ; Off                ;
; Iteration limit for constant Verilog loops                       ; 5000               ; 5000               ;
; Iteration limit for non-constant Verilog loops                   ; 250                ; 250                ;
; Add Pass-Through Logic to Inferred RAMs                          ; On                 ; On                 ;
; Infer RAMs from Raw Logic                                        ; On                 ; On                 ;
; Parallel Synthesis                                               ; On                 ; On                 ;
; DSP Block Balancing                                              ; Auto               ; Auto               ;
; NOT Gate Push-Back                                               ; On                 ; On                 ;
; Power-Up Don't Care                                              ; On                 ; On                 ;
; Remove Redundant Logic Cells                                     ; Off                ; Off                ;
; Remove Duplicate Registers                                       ; On                 ; On                 ;
; Ignore CARRY Buffers                                             ; Off                ; Off                ;
; Ignore CASCADE Buffers                                           ; Off                ; Off                ;
; Ignore GLOBAL Buffers                                            ; Off                ; Off                ;
; Ignore ROW GLOBAL Buffers                                        ; Off                ; Off                ;
; Ignore LCELL Buffers                                             ; Off                ; Off                ;
; Ignore SOFT Buffers                                              ; On                 ; On                 ;
; Limit AHDL Integers to 32 Bits                                   ; Off                ; Off                ;
; Optimization Technique                                           ; Balanced           ; Balanced           ;
; Carry Chain Length                                               ; 70                 ; 70                 ;
; Auto Carry Chains                                                ; On                 ; On                 ;
; Auto Open-Drain Pins                                             ; On                 ; On                 ;
; Perform WYSIWYG Primitive Resynthesis                            ; Off                ; Off                ;
; Auto ROM Replacement                                             ; On                 ; On                 ;
; Auto RAM Replacement                                             ; On                 ; On                 ;
; Auto DSP Block Replacement                                       ; On                 ; On                 ;
; Auto Shift Register Replacement                                  ; Auto               ; Auto               ;
; Allow Shift Register Merging across Hierarchies                  ; Auto               ; Auto               ;
; Auto Clock Enable Replacement                                    ; On                 ; On                 ;
; Strict RAM Replacement                                           ; Off                ; Off                ;
; Allow Synchronous Control Signals                                ; On                 ; On                 ;
; Force Use of Synchronous Clear Signals                           ; Off                ; Off                ;
; Auto RAM Block Balancing                                         ; On                 ; On                 ;
; Auto RAM to Logic Cell Conversion                                ; Off                ; Off                ;
; Auto Resource Sharing                                            ; Off                ; Off                ;
; Allow Any RAM Size For Recognition                               ; Off                ; Off                ;
; Allow Any ROM Size For Recognition                               ; Off                ; Off                ;
; Allow Any Shift Register Size For Recognition                    ; Off                ; Off                ;
; Use LogicLock Constraints during Resource Balancing              ; On                 ; On                 ;
; Ignore translate_off and synthesis_off directives                ; Off                ; Off                ;
; Timing-Driven Synthesis                                          ; On                 ; On                 ;
; Report Parameter Settings                                        ; On                 ; On                 ;
; Report Source Assignments                                        ; On                 ; On                 ;
; Report Connectivity Checks                                       ; On                 ; On                 ;
; Ignore Maximum Fan-Out Assignments                               ; Off                ; Off                ;
; Synchronization Register Chain Length                            ; 2                  ; 2                  ;
; Power Optimization During Synthesis                              ; Normal compilation ; Normal compilation ;
; HDL message level                                                ; Level2             ; Level2             ;
; Suppress Register Optimization Related Messages                  ; Off                ; Off                ;
; Number of Removed Registers Reported in Synthesis Report         ; 5000               ; 5000               ;
; Number of Swept Nodes Reported in Synthesis Report               ; 5000               ; 5000               ;
; Number of Inverted Registers Reported in Synthesis Report        ; 100                ; 100                ;
; Clock MUX Protection                                             ; On                 ; On                 ;
; Auto Gated Clock Conversion                                      ; Off                ; Off                ;
; Block Design Naming                                              ; Auto               ; Auto               ;
; SDC constraint protection                                        ; Off                ; Off                ;
; Synthesis Effort                                                 ; Auto               ; Auto               ;
; Shift Register Replacement - Allow Asynchronous Clear Signal     ; On                 ; On                 ;
; Pre-Mapping Resynthesis Optimization                             ; Off                ; Off                ;
; Analysis & Synthesis Message Level                               ; Medium             ; Medium             ;
; Disable Register Merging Across Hierarchies                      ; Auto               ; Auto               ;
; Resource Aware Inference For Block RAM                           ; On                 ; On                 ;
+------------------------------------------------------------------+--------------------+--------------------+


+------------------------------------------+
; Parallel Compilation                     ;
+----------------------------+-------------+
; Processors                 ; Number      ;
+----------------------------+-------------+
; Number detected on machine ; 16          ;
; Maximum allowed            ; 16          ;
;                            ;             ;
; Average used               ; 1.00        ;
; Maximum used               ; 1           ;
;                            ;             ;
; Usage by Processor         ; % Time Used ;
;     Processor 1            ; 100.0%      ;
+----------------------------+-------------+


+-------------------------------------------------------------------------------------------------------------------------------------------------------------+
; Analysis & Synthesis Source Files Read                                                                                                                      ;
+----------------------------------+-----------------+------------------------------+---------------------------------------------------------------+---------+
; File Name with User-Entered Path ; Used in Netlist ; File Type                    ; File Name with Absolute Path                                  ; Library ;
+----------------------------------+-----------------+------------------------------+---------------------------------------------------------------+---------+
; tb_DecodeMessage.sv              ; yes             ; User SystemVerilog HDL File  ; C:/Users/12345/Documents/Quartus/DAV/Lab1/tb_DecodeMessage.sv ;         ;
; decodeMessage.sv                 ; yes             ; User SystemVerilog HDL File  ; C:/Users/12345/Documents/Quartus/DAV/Lab1/decodeMessage.sv    ;         ;
; encoded_text.txt                 ; yes             ; Auto-Found File              ; C:/Users/12345/Documents/Quartus/DAV/Lab1/encoded_text.txt    ;         ;
+----------------------------------+-----------------+------------------------------+---------------------------------------------------------------+---------+


+-------------------------------------------------------------------+
; Analysis & Synthesis Resource Usage Summary                       ;
+---------------------------------------------+---------------------+
; Resource                                    ; Usage               ;
+---------------------------------------------+---------------------+
;                                             ;                     ;
; Total combinational functions               ; 0                   ;
; Logic element usage by number of LUT inputs ;                     ;
;     -- 4 input functions                    ; 0                   ;
;     -- 3 input functions                    ; 0                   ;
;     -- <=2 input functions                  ; 0                   ;
;                                             ;                     ;
; Logic elements by mode                      ;                     ;
;     -- normal mode                          ; 0                   ;
;     -- arithmetic mode                      ; 0                   ;
;                                             ;                     ;
; Total registers                             ; 0                   ;
;     -- Dedicated logic registers            ; 0                   ;
;     -- I/O registers                        ; 0                   ;
;                                             ;                     ;
; I/O pins                                    ; 192                 ;
;                                             ;                     ;
; Embedded Multiplier 9-bit elements          ; 0                   ;
;                                             ;                     ;
; Maximum fan-out node                        ; recovered[0]~output ;
; Maximum fan-out                             ; 1                   ;
; Total fan-out                               ; 192                 ;
; Average fan-out                             ; 0.50                ;
+---------------------------------------------+---------------------+


+-----------------------------------------------------------------------------------------------------------------------------------------------------------------------------------------------------------------------------------------+
; Analysis & Synthesis Resource Utilization by Entity                                                                                                                                                                                     ;
+----------------------------+---------------------+---------------------------+-------------+------------+--------------+---------+-----------+------+--------------+------------+---------------------+------------------+--------------+
; Compilation Hierarchy Node ; Combinational ALUTs ; Dedicated Logic Registers ; Memory Bits ; UFM Blocks ; DSP Elements ; DSP 9x9 ; DSP 18x18 ; Pins ; Virtual Pins ; ADC blocks ; Full Hierarchy Name ; Entity Name      ; Library Name ;
+----------------------------+---------------------+---------------------------+-------------+------------+--------------+---------+-----------+------+--------------+------------+---------------------+------------------+--------------+
; |tb_DecodeMessage          ; 0 (0)               ; 0 (0)                     ; 0           ; 0          ; 0            ; 0       ; 0         ; 192  ; 0            ; 0          ; |tb_DecodeMessage   ; tb_DecodeMessage ; work         ;
+----------------------------+---------------------+---------------------------+-------------+------------+--------------+---------+-----------+------+--------------+------------+---------------------+------------------+--------------+
Note: For table entries with two numbers listed, the numbers in parentheses indicate the number of resources of the given type used by the specific entity alone. The numbers listed outside of parentheses indicate the total resources of the given type used by the specific entity and all of its sub-entities in the hierarchy.


+------------------------------------------------------+
; General Register Statistics                          ;
+----------------------------------------------+-------+
; Statistic                                    ; Value ;
+----------------------------------------------+-------+
; Total registers                              ; 0     ;
; Number of registers using Synchronous Clear  ; 0     ;
; Number of registers using Synchronous Load   ; 0     ;
; Number of registers using Asynchronous Clear ; 0     ;
; Number of registers using Asynchronous Load  ; 0     ;
; Number of registers using Clock Enable       ; 0     ;
; Number of registers using Preset             ; 0     ;
+----------------------------------------------+-------+


+-----------------------------------------------------+
; Post-Synthesis Netlist Statistics for Top Partition ;
+-----------------------+-----------------------------+
; Type                  ; Count                       ;
+-----------------------+-----------------------------+
; boundary_port         ; 192                         ;
; cycloneiii_lcell_comb ; 2                           ;
;     normal            ; 2                           ;
;         0 data inputs ; 2                           ;
;                       ;                             ;
; Max LUT depth         ; 0.00                        ;
; Average LUT depth     ; 0.00                        ;
+-----------------------+-----------------------------+


+-------------------------------+
; Elapsed Time Per Partition    ;
+----------------+--------------+
; Partition Name ; Elapsed Time ;
+----------------+--------------+
; Top            ; 00:00:00     ;
+----------------+--------------+


+-------------------------------+
; Analysis & Synthesis Messages ;
+-------------------------------+
Info: *******************************************************************
Info: Running Quartus Prime Analysis & Synthesis
    Info: Version 21.1.0 Build 842 10/21/2021 SJ Lite Edition
    Info: Processing started: Sat Oct 22 21:32:51 2022
Info: Command: quartus_map --read_settings_files=on --write_settings_files=off Lab1 -c Lab1
Warning (18236): Number of processors has not been specified which may cause overloading on shared machines.  Set the global assignment NUM_PARALLEL_PROCESSORS in your QSF to an appropriate value for best performance.
Info (20030): Parallel compilation is enabled and will use 16 of the 16 processors detected
Info (12021): Found 1 design units, including 1 entities, in source file tb_decodemessage.sv
    Info (12023): Found entity 1: tb_DecodeMessage File: C:/Users/12345/Documents/Quartus/DAV/Lab1/tb_DecodeMessage.sv Line: 7
Info (12021): Found 3 design units, including 3 entities, in source file decodemessage.sv
    Info (12023): Found entity 1: decodeMessage File: C:/Users/12345/Documents/Quartus/DAV/Lab1/decodeMessage.sv Line: 4
    Info (12023): Found entity 2: partOne File: C:/Users/12345/Documents/Quartus/DAV/Lab1/decodeMessage.sv Line: 26
    Info (12023): Found entity 3: partTwo File: C:/Users/12345/Documents/Quartus/DAV/Lab1/decodeMessage.sv Line: 85
Info (12127): Elaborating entity "tb_DecodeMessage" for the top level hierarchy
Info (10648): Verilog HDL Display System Task info at tb_DecodeMessage.sv(32): Input to decoder was 0000000000000000000000000000000000000000fe8fa951 , output is <non-constant> File: C:/Users/12345/Documents/Quartus/DAV/Lab1/tb_DecodeMessage.sv Line: 32
Info (10648): Verilog HDL Display System Task info at tb_DecodeMessage.sv(32): Input to decoder was 0000000000000000000000000000000000000000b1f6c5e0 , output is <non-constant> File: C:/Users/12345/Documents/Quartus/DAV/Lab1/tb_DecodeMessage.sv Line: 32
Info (10648): Verilog HDL Display System Task info at tb_DecodeMessage.sv(32): Input to decoder was 0000000000000000000000000000000000000000b1d3b336 , output is <non-constant> File: C:/Users/12345/Documents/Quartus/DAV/Lab1/tb_DecodeMessage.sv Line: 32
Info (10648): Verilog HDL Display System Task info at tb_DecodeMessage.sv(32): Input to decoder was 0000000000000000000000000000000000000000e3cec455 , output is <non-constant> File: C:/Users/12345/Documents/Quartus/DAV/Lab1/tb_DecodeMessage.sv Line: 32
Info (10648): Verilog HDL Display System Task info at tb_DecodeMessage.sv(32): Input to decoder was 0000000000000000000000000000000000000000f4fdc528 , output is <non-constant> File: C:/Users/12345/Documents/Quartus/DAV/Lab1/tb_DecodeMessage.sv Line: 32
Info (10648): Verilog HDL Display System Task info at tb_DecodeMessage.sv(32): Input to decoder was 0000000000000000000000000000000000000000b1ffc251 , output is <non-constant> File: C:/Users/12345/Documents/Quartus/DAV/Lab1/tb_DecodeMessage.sv Line: 32
Info (10648): Verilog HDL Display System Task info at tb_DecodeMessage.sv(32): Input to decoder was 0000000000000000000000000000000000000000e58fc527 , output is <non-constant> File: C:/Users/12345/Documents/Quartus/DAV/Lab1/tb_DecodeMessage.sv Line: 32
Info (10648): Verilog HDL Display System Task info at tb_DecodeMessage.sv(32): Input to decoder was 0000000000000000000000000000000000000000b1f0c124 , output is <non-constant> File: C:/Users/12345/Documents/Quartus/DAV/Lab1/tb_DecodeMessage.sv Line: 32
Warning (10175): Verilog HDL warning at tb_DecodeMessage.sv(35): ignoring unsupported system task File: C:/Users/12345/Documents/Quartus/DAV/Lab1/tb_DecodeMessage.sv Line: 35
Info (12128): Elaborating entity "decodeMessage" for hierarchy "decodeMessage:U1T" File: C:/Users/12345/Documents/Quartus/DAV/Lab1/tb_DecodeMessage.sv Line: 17
Info (12128): Elaborating entity "partOne" for hierarchy "decodeMessage:U1T|partOne:UUT1" File: C:/Users/12345/Documents/Quartus/DAV/Lab1/decodeMessage.sv Line: 17
Info (12128): Elaborating entity "partTwo" for hierarchy "decodeMessage:U1T|partTwo:UUT2" File: C:/Users/12345/Documents/Quartus/DAV/Lab1/decodeMessage.sv Line: 18
Warning (13024): Output pins are stuck at VCC or GND
    Warning (13410): Pin "recovered[0]" is stuck at VCC File: C:/Users/12345/Documents/Quartus/DAV/Lab1/tb_DecodeMessage.sv Line: 9
    Warning (13410): Pin "recovered[1]" is stuck at GND File: C:/Users/12345/Documents/Quartus/DAV/Lab1/tb_DecodeMessage.sv Line: 9
    Warning (13410): Pin "recovered[2]" is stuck at GND File: C:/Users/12345/Documents/Quartus/DAV/Lab1/tb_DecodeMessage.sv Line: 9
    Warning (13410): Pin "recovered[3]" is stuck at GND File: C:/Users/12345/Documents/Quartus/DAV/Lab1/tb_DecodeMessage.sv Line: 9
    Warning (13410): Pin "recovered[4]" is stuck at VCC File: C:/Users/12345/Documents/Quartus/DAV/Lab1/tb_DecodeMessage.sv Line: 9
    Warning (13410): Pin "recovered[5]" is stuck at GND File: C:/Users/12345/Documents/Quartus/DAV/Lab1/tb_DecodeMessage.sv Line: 9
    Warning (13410): Pin "recovered[6]" is stuck at GND File: C:/Users/12345/Documents/Quartus/DAV/Lab1/tb_DecodeMessage.sv Line: 9
    Warning (13410): Pin "recovered[7]" is stuck at VCC File: C:/Users/12345/Documents/Quartus/DAV/Lab1/tb_DecodeMessage.sv Line: 9
    Warning (13410): Pin "recovered[8]" is stuck at VCC File: C:/Users/12345/Documents/Quartus/DAV/Lab1/tb_DecodeMessage.sv Line: 9
    Warning (13410): Pin "recovered[9]" is stuck at GND File: C:/Users/12345/Documents/Quartus/DAV/Lab1/tb_DecodeMessage.sv Line: 9
    Warning (13410): Pin "recovered[10]" is stuck at GND File: C:/Users/12345/Documents/Quartus/DAV/Lab1/tb_DecodeMessage.sv Line: 9
    Warning (13410): Pin "recovered[11]" is stuck at GND File: C:/Users/12345/Documents/Quartus/DAV/Lab1/tb_DecodeMessage.sv Line: 9
    Warning (13410): Pin "recovered[12]" is stuck at VCC File: C:/Users/12345/Documents/Quartus/DAV/Lab1/tb_DecodeMessage.sv Line: 9
    Warning (13410): Pin "recovered[13]" is stuck at GND File: C:/Users/12345/Documents/Quartus/DAV/Lab1/tb_DecodeMessage.sv Line: 9
    Warning (13410): Pin "recovered[14]" is stuck at GND File: C:/Users/12345/Documents/Quartus/DAV/Lab1/tb_DecodeMessage.sv Line: 9
    Warning (13410): Pin "recovered[15]" is stuck at VCC File: C:/Users/12345/Documents/Quartus/DAV/Lab1/tb_DecodeMessage.sv Line: 9
    Warning (13410): Pin "recovered[16]" is stuck at VCC File: C:/Users/12345/Documents/Quartus/DAV/Lab1/tb_DecodeMessage.sv Line: 9
    Warning (13410): Pin "recovered[17]" is stuck at GND File: C:/Users/12345/Documents/Quartus/DAV/Lab1/tb_DecodeMessage.sv Line: 9
    Warning (13410): Pin "recovered[18]" is stuck at GND File: C:/Users/12345/Documents/Quartus/DAV/Lab1/tb_DecodeMessage.sv Line: 9
    Warning (13410): Pin "recovered[19]" is stuck at GND File: C:/Users/12345/Documents/Quartus/DAV/Lab1/tb_DecodeMessage.sv Line: 9
    Warning (13410): Pin "recovered[20]" is stuck at VCC File: C:/Users/12345/Documents/Quartus/DAV/Lab1/tb_DecodeMessage.sv Line: 9
    Warning (13410): Pin "recovered[21]" is stuck at GND File: C:/Users/12345/Documents/Quartus/DAV/Lab1/tb_DecodeMessage.sv Line: 9
    Warning (13410): Pin "recovered[22]" is stuck at GND File: C:/Users/12345/Documents/Quartus/DAV/Lab1/tb_DecodeMessage.sv Line: 9
    Warning (13410): Pin "recovered[23]" is stuck at VCC File: C:/Users/12345/Documents/Quartus/DAV/Lab1/tb_DecodeMessage.sv Line: 9
    Warning (13410): Pin "recovered[24]" is stuck at VCC File: C:/Users/12345/Documents/Quartus/DAV/Lab1/tb_DecodeMessage.sv Line: 9
    Warning (13410): Pin "recovered[25]" is stuck at GND File: C:/Users/12345/Documents/Quartus/DAV/Lab1/tb_DecodeMessage.sv Line: 9
    Warning (13410): Pin "recovered[26]" is stuck at GND File: C:/Users/12345/Documents/Quartus/DAV/Lab1/tb_DecodeMessage.sv Line: 9
    Warning (13410): Pin "recovered[27]" is stuck at GND File: C:/Users/12345/Documents/Quartus/DAV/Lab1/tb_DecodeMessage.sv Line: 9
    Warning (13410): Pin "recovered[28]" is stuck at VCC File: C:/Users/12345/Documents/Quartus/DAV/Lab1/tb_DecodeMessage.sv Line: 9
    Warning (13410): Pin "recovered[29]" is stuck at GND File: C:/Users/12345/Documents/Quartus/DAV/Lab1/tb_DecodeMessage.sv Line: 9
    Warning (13410): Pin "recovered[30]" is stuck at GND File: C:/Users/12345/Documents/Quartus/DAV/Lab1/tb_DecodeMessage.sv Line: 9
    Warning (13410): Pin "recovered[31]" is stuck at VCC File: C:/Users/12345/Documents/Quartus/DAV/Lab1/tb_DecodeMessage.sv Line: 9
    Warning (13410): Pin "recovered[32]" is stuck at VCC File: C:/Users/12345/Documents/Quartus/DAV/Lab1/tb_DecodeMessage.sv Line: 9
    Warning (13410): Pin "recovered[33]" is stuck at GND File: C:/Users/12345/Documents/Quartus/DAV/Lab1/tb_DecodeMessage.sv Line: 9
    Warning (13410): Pin "recovered[34]" is stuck at GND File: C:/Users/12345/Documents/Quartus/DAV/Lab1/tb_DecodeMessage.sv Line: 9
    Warning (13410): Pin "recovered[35]" is stuck at GND File: C:/Users/12345/Documents/Quartus/DAV/Lab1/tb_DecodeMessage.sv Line: 9
    Warning (13410): Pin "recovered[36]" is stuck at VCC File: C:/Users/12345/Documents/Quartus/DAV/Lab1/tb_DecodeMessage.sv Line: 9
    Warning (13410): Pin "recovered[37]" is stuck at GND File: C:/Users/12345/Documents/Quartus/DAV/Lab1/tb_DecodeMessage.sv Line: 9
    Warning (13410): Pin "recovered[38]" is stuck at GND File: C:/Users/12345/Documents/Quartus/DAV/Lab1/tb_DecodeMessage.sv Line: 9
    Warning (13410): Pin "recovered[39]" is stuck at VCC File: C:/Users/12345/Documents/Quartus/DAV/Lab1/tb_DecodeMessage.sv Line: 9
    Warning (13410): Pin "recovered[40]" is stuck at VCC File: C:/Users/12345/Documents/Quartus/DAV/Lab1/tb_DecodeMessage.sv Line: 9
    Warning (13410): Pin "recovered[41]" is stuck at GND File: C:/Users/12345/Documents/Quartus/DAV/Lab1/tb_DecodeMessage.sv Line: 9
    Warning (13410): Pin "recovered[42]" is stuck at GND File: C:/Users/12345/Documents/Quartus/DAV/Lab1/tb_DecodeMessage.sv Line: 9
    Warning (13410): Pin "recovered[43]" is stuck at GND File: C:/Users/12345/Documents/Quartus/DAV/Lab1/tb_DecodeMessage.sv Line: 9
    Warning (13410): Pin "recovered[44]" is stuck at VCC File: C:/Users/12345/Documents/Quartus/DAV/Lab1/tb_DecodeMessage.sv Line: 9
    Warning (13410): Pin "recovered[45]" is stuck at GND File: C:/Users/12345/Documents/Quartus/DAV/Lab1/tb_DecodeMessage.sv Line: 9
    Warning (13410): Pin "recovered[46]" is stuck at GND File: C:/Users/12345/Documents/Quartus/DAV/Lab1/tb_DecodeMessage.sv Line: 9
    Warning (13410): Pin "recovered[47]" is stuck at VCC File: C:/Users/12345/Documents/Quartus/DAV/Lab1/tb_DecodeMessage.sv Line: 9
    Warning (13410): Pin "recovered[48]" is stuck at VCC File: C:/Users/12345/Documents/Quartus/DAV/Lab1/tb_DecodeMessage.sv Line: 9
    Warning (13410): Pin "recovered[49]" is stuck at GND File: C:/Users/12345/Documents/Quartus/DAV/Lab1/tb_DecodeMessage.sv Line: 9
    Warning (13410): Pin "recovered[50]" is stuck at GND File: C:/Users/12345/Documents/Quartus/DAV/Lab1/tb_DecodeMessage.sv Line: 9
    Warning (13410): Pin "recovered[51]" is stuck at GND File: C:/Users/12345/Documents/Quartus/DAV/Lab1/tb_DecodeMessage.sv Line: 9
    Warning (13410): Pin "recovered[52]" is stuck at VCC File: C:/Users/12345/Documents/Quartus/DAV/Lab1/tb_DecodeMessage.sv Line: 9
    Warning (13410): Pin "recovered[53]" is stuck at GND File: C:/Users/12345/Documents/Quartus/DAV/Lab1/tb_DecodeMessage.sv Line: 9
    Warning (13410): Pin "recovered[54]" is stuck at GND File: C:/Users/12345/Documents/Quartus/DAV/Lab1/tb_DecodeMessage.sv Line: 9
    Warning (13410): Pin "recovered[55]" is stuck at VCC File: C:/Users/12345/Documents/Quartus/DAV/Lab1/tb_DecodeMessage.sv Line: 9
    Warning (13410): Pin "recovered[56]" is stuck at VCC File: C:/Users/12345/Documents/Quartus/DAV/Lab1/tb_DecodeMessage.sv Line: 9
    Warning (13410): Pin "recovered[57]" is stuck at GND File: C:/Users/12345/Documents/Quartus/DAV/Lab1/tb_DecodeMessage.sv Line: 9
    Warning (13410): Pin "recovered[58]" is stuck at GND File: C:/Users/12345/Documents/Quartus/DAV/Lab1/tb_DecodeMessage.sv Line: 9
    Warning (13410): Pin "recovered[59]" is stuck at GND File: C:/Users/12345/Documents/Quartus/DAV/Lab1/tb_DecodeMessage.sv Line: 9
    Warning (13410): Pin "recovered[60]" is stuck at VCC File: C:/Users/12345/Documents/Quartus/DAV/Lab1/tb_DecodeMessage.sv Line: 9
    Warning (13410): Pin "recovered[61]" is stuck at GND File: C:/Users/12345/Documents/Quartus/DAV/Lab1/tb_DecodeMessage.sv Line: 9
    Warning (13410): Pin "recovered[62]" is stuck at GND File: C:/Users/12345/Documents/Quartus/DAV/Lab1/tb_DecodeMessage.sv Line: 9
    Warning (13410): Pin "recovered[63]" is stuck at VCC File: C:/Users/12345/Documents/Quartus/DAV/Lab1/tb_DecodeMessage.sv Line: 9
    Warning (13410): Pin "recovered[64]" is stuck at GND File: C:/Users/12345/Documents/Quartus/DAV/Lab1/tb_DecodeMessage.sv Line: 9
    Warning (13410): Pin "recovered[65]" is stuck at GND File: C:/Users/12345/Documents/Quartus/DAV/Lab1/tb_DecodeMessage.sv Line: 9
    Warning (13410): Pin "recovered[66]" is stuck at GND File: C:/Users/12345/Documents/Quartus/DAV/Lab1/tb_DecodeMessage.sv Line: 9
    Warning (13410): Pin "recovered[67]" is stuck at GND File: C:/Users/12345/Documents/Quartus/DAV/Lab1/tb_DecodeMessage.sv Line: 9
    Warning (13410): Pin "recovered[68]" is stuck at GND File: C:/Users/12345/Documents/Quartus/DAV/Lab1/tb_DecodeMessage.sv Line: 9
    Warning (13410): Pin "recovered[69]" is stuck at GND File: C:/Users/12345/Documents/Quartus/DAV/Lab1/tb_DecodeMessage.sv Line: 9
    Warning (13410): Pin "recovered[70]" is stuck at VCC File: C:/Users/12345/Documents/Quartus/DAV/Lab1/tb_DecodeMessage.sv Line: 9
    Warning (13410): Pin "recovered[71]" is stuck at GND File: C:/Users/12345/Documents/Quartus/DAV/Lab1/tb_DecodeMessage.sv Line: 9
    Warning (13410): Pin "recovered[72]" is stuck at GND File: C:/Users/12345/Documents/Quartus/DAV/Lab1/tb_DecodeMessage.sv Line: 9
    Warning (13410): Pin "recovered[73]" is stuck at GND File: C:/Users/12345/Documents/Quartus/DAV/Lab1/tb_DecodeMessage.sv Line: 9
    Warning (13410): Pin "recovered[74]" is stuck at GND File: C:/Users/12345/Documents/Quartus/DAV/Lab1/tb_DecodeMessage.sv Line: 9
    Warning (13410): Pin "recovered[75]" is stuck at GND File: C:/Users/12345/Documents/Quartus/DAV/Lab1/tb_DecodeMessage.sv Line: 9
    Warning (13410): Pin "recovered[76]" is stuck at VCC File: C:/Users/12345/Documents/Quartus/DAV/Lab1/tb_DecodeMessage.sv Line: 9
    Warning (13410): Pin "recovered[77]" is stuck at VCC File: C:/Users/12345/Documents/Quartus/DAV/Lab1/tb_DecodeMessage.sv Line: 9
    Warning (13410): Pin "recovered[78]" is stuck at GND File: C:/Users/12345/Documents/Quartus/DAV/Lab1/tb_DecodeMessage.sv Line: 9
    Warning (13410): Pin "recovered[79]" is stuck at VCC File: C:/Users/12345/Documents/Quartus/DAV/Lab1/tb_DecodeMessage.sv Line: 9
    Warning (13410): Pin "recovered[80]" is stuck at VCC File: C:/Users/12345/Documents/Quartus/DAV/Lab1/tb_DecodeMessage.sv Line: 9
    Warning (13410): Pin "recovered[81]" is stuck at VCC File: C:/Users/12345/Documents/Quartus/DAV/Lab1/tb_DecodeMessage.sv Line: 9
    Warning (13410): Pin "recovered[82]" is stuck at GND File: C:/Users/12345/Documents/Quartus/DAV/Lab1/tb_DecodeMessage.sv Line: 9
    Warning (13410): Pin "recovered[83]" is stuck at GND File: C:/Users/12345/Documents/Quartus/DAV/Lab1/tb_DecodeMessage.sv Line: 9
    Warning (13410): Pin "recovered[84]" is stuck at VCC File: C:/Users/12345/Documents/Quartus/DAV/Lab1/tb_DecodeMessage.sv Line: 9
    Warning (13410): Pin "recovered[85]" is stuck at GND File: C:/Users/12345/Documents/Quartus/DAV/Lab1/tb_DecodeMessage.sv Line: 9
    Warning (13410): Pin "recovered[86]" is stuck at GND File: C:/Users/12345/Documents/Quartus/DAV/Lab1/tb_DecodeMessage.sv Line: 9
    Warning (13410): Pin "recovered[87]" is stuck at VCC File: C:/Users/12345/Documents/Quartus/DAV/Lab1/tb_DecodeMessage.sv Line: 9
    Warning (13410): Pin "recovered[88]" is stuck at VCC File: C:/Users/12345/Documents/Quartus/DAV/Lab1/tb_DecodeMessage.sv Line: 9
    Warning (13410): Pin "recovered[89]" is stuck at GND File: C:/Users/12345/Documents/Quartus/DAV/Lab1/tb_DecodeMessage.sv Line: 9
    Warning (13410): Pin "recovered[90]" is stuck at GND File: C:/Users/12345/Documents/Quartus/DAV/Lab1/tb_DecodeMessage.sv Line: 9
    Warning (13410): Pin "recovered[91]" is stuck at GND File: C:/Users/12345/Documents/Quartus/DAV/Lab1/tb_DecodeMessage.sv Line: 9
    Warning (13410): Pin "recovered[92]" is stuck at VCC File: C:/Users/12345/Documents/Quartus/DAV/Lab1/tb_DecodeMessage.sv Line: 9
    Warning (13410): Pin "recovered[93]" is stuck at GND File: C:/Users/12345/Documents/Quartus/DAV/Lab1/tb_DecodeMessage.sv Line: 9
    Warning (13410): Pin "recovered[94]" is stuck at GND File: C:/Users/12345/Documents/Quartus/DAV/Lab1/tb_DecodeMessage.sv Line: 9
    Warning (13410): Pin "recovered[95]" is stuck at VCC File: C:/Users/12345/Documents/Quartus/DAV/Lab1/tb_DecodeMessage.sv Line: 9
    Warning (13410): Pin "recovered[96]" is stuck at VCC File: C:/Users/12345/Documents/Quartus/DAV/Lab1/tb_DecodeMessage.sv Line: 9
    Warning (13410): Pin "recovered[97]" is stuck at GND File: C:/Users/12345/Documents/Quartus/DAV/Lab1/tb_DecodeMessage.sv Line: 9
    Warning (13410): Pin "recovered[98]" is stuck at GND File: C:/Users/12345/Documents/Quartus/DAV/Lab1/tb_DecodeMessage.sv Line: 9
    Warning (13410): Pin "recovered[99]" is stuck at GND File: C:/Users/12345/Documents/Quartus/DAV/Lab1/tb_DecodeMessage.sv Line: 9
    Warning (13410): Pin "recovered[100]" is stuck at VCC File: C:/Users/12345/Documents/Quartus/DAV/Lab1/tb_DecodeMessage.sv Line: 9
    Warning (13410): Pin "recovered[101]" is stuck at GND File: C:/Users/12345/Documents/Quartus/DAV/Lab1/tb_DecodeMessage.sv Line: 9
    Warning (13410): Pin "recovered[102]" is stuck at GND File: C:/Users/12345/Documents/Quartus/DAV/Lab1/tb_DecodeMessage.sv Line: 9
    Warning (13410): Pin "recovered[103]" is stuck at VCC File: C:/Users/12345/Documents/Quartus/DAV/Lab1/tb_DecodeMessage.sv Line: 9
    Warning (13410): Pin "recovered[104]" is stuck at VCC File: C:/Users/12345/Documents/Quartus/DAV/Lab1/tb_DecodeMessage.sv Line: 9
    Warning (13410): Pin "recovered[105]" is stuck at GND File: C:/Users/12345/Documents/Quartus/DAV/Lab1/tb_DecodeMessage.sv Line: 9
    Warning (13410): Pin "recovered[106]" is stuck at GND File: C:/Users/12345/Documents/Quartus/DAV/Lab1/tb_DecodeMessage.sv Line: 9
    Warning (13410): Pin "recovered[107]" is stuck at GND File: C:/Users/12345/Documents/Quartus/DAV/Lab1/tb_DecodeMessage.sv Line: 9
    Warning (13410): Pin "recovered[108]" is stuck at VCC File: C:/Users/12345/Documents/Quartus/DAV/Lab1/tb_DecodeMessage.sv Line: 9
    Warning (13410): Pin "recovered[109]" is stuck at GND File: C:/Users/12345/Documents/Quartus/DAV/Lab1/tb_DecodeMessage.sv Line: 9
    Warning (13410): Pin "recovered[110]" is stuck at GND File: C:/Users/12345/Documents/Quartus/DAV/Lab1/tb_DecodeMessage.sv Line: 9
    Warning (13410): Pin "recovered[111]" is stuck at VCC File: C:/Users/12345/Documents/Quartus/DAV/Lab1/tb_DecodeMessage.sv Line: 9
    Warning (13410): Pin "recovered[112]" is stuck at VCC File: C:/Users/12345/Documents/Quartus/DAV/Lab1/tb_DecodeMessage.sv Line: 9
    Warning (13410): Pin "recovered[113]" is stuck at GND File: C:/Users/12345/Documents/Quartus/DAV/Lab1/tb_DecodeMessage.sv Line: 9
    Warning (13410): Pin "recovered[114]" is stuck at GND File: C:/Users/12345/Documents/Quartus/DAV/Lab1/tb_DecodeMessage.sv Line: 9
    Warning (13410): Pin "recovered[115]" is stuck at GND File: C:/Users/12345/Documents/Quartus/DAV/Lab1/tb_DecodeMessage.sv Line: 9
    Warning (13410): Pin "recovered[116]" is stuck at VCC File: C:/Users/12345/Documents/Quartus/DAV/Lab1/tb_DecodeMessage.sv Line: 9
    Warning (13410): Pin "recovered[117]" is stuck at GND File: C:/Users/12345/Documents/Quartus/DAV/Lab1/tb_DecodeMessage.sv Line: 9
    Warning (13410): Pin "recovered[118]" is stuck at GND File: C:/Users/12345/Documents/Quartus/DAV/Lab1/tb_DecodeMessage.sv Line: 9
    Warning (13410): Pin "recovered[119]" is stuck at VCC File: C:/Users/12345/Documents/Quartus/DAV/Lab1/tb_DecodeMessage.sv Line: 9
    Warning (13410): Pin "recovered[120]" is stuck at VCC File: C:/Users/12345/Documents/Quartus/DAV/Lab1/tb_DecodeMessage.sv Line: 9
    Warning (13410): Pin "recovered[121]" is stuck at GND File: C:/Users/12345/Documents/Quartus/DAV/Lab1/tb_DecodeMessage.sv Line: 9
    Warning (13410): Pin "recovered[122]" is stuck at GND File: C:/Users/12345/Documents/Quartus/DAV/Lab1/tb_DecodeMessage.sv Line: 9
    Warning (13410): Pin "recovered[123]" is stuck at GND File: C:/Users/12345/Documents/Quartus/DAV/Lab1/tb_DecodeMessage.sv Line: 9
    Warning (13410): Pin "recovered[124]" is stuck at VCC File: C:/Users/12345/Documents/Quartus/DAV/Lab1/tb_DecodeMessage.sv Line: 9
    Warning (13410): Pin "recovered[125]" is stuck at GND File: C:/Users/12345/Documents/Quartus/DAV/Lab1/tb_DecodeMessage.sv Line: 9
    Warning (13410): Pin "recovered[126]" is stuck at GND File: C:/Users/12345/Documents/Quartus/DAV/Lab1/tb_DecodeMessage.sv Line: 9
    Warning (13410): Pin "recovered[127]" is stuck at VCC File: C:/Users/12345/Documents/Quartus/DAV/Lab1/tb_DecodeMessage.sv Line: 9
    Warning (13410): Pin "recovered[128]" is stuck at VCC File: C:/Users/12345/Documents/Quartus/DAV/Lab1/tb_DecodeMessage.sv Line: 9
    Warning (13410): Pin "recovered[129]" is stuck at GND File: C:/Users/12345/Documents/Quartus/DAV/Lab1/tb_DecodeMessage.sv Line: 9
    Warning (13410): Pin "recovered[130]" is stuck at GND File: C:/Users/12345/Documents/Quartus/DAV/Lab1/tb_DecodeMessage.sv Line: 9
    Warning (13410): Pin "recovered[131]" is stuck at GND File: C:/Users/12345/Documents/Quartus/DAV/Lab1/tb_DecodeMessage.sv Line: 9
    Warning (13410): Pin "recovered[132]" is stuck at VCC File: C:/Users/12345/Documents/Quartus/DAV/Lab1/tb_DecodeMessage.sv Line: 9
    Warning (13410): Pin "recovered[133]" is stuck at GND File: C:/Users/12345/Documents/Quartus/DAV/Lab1/tb_DecodeMessage.sv Line: 9
    Warning (13410): Pin "recovered[134]" is stuck at GND File: C:/Users/12345/Documents/Quartus/DAV/Lab1/tb_DecodeMessage.sv Line: 9
    Warning (13410): Pin "recovered[135]" is stuck at VCC File: C:/Users/12345/Documents/Quartus/DAV/Lab1/tb_DecodeMessage.sv Line: 9
    Warning (13410): Pin "recovered[136]" is stuck at VCC File: C:/Users/12345/Documents/Quartus/DAV/Lab1/tb_DecodeMessage.sv Line: 9
    Warning (13410): Pin "recovered[137]" is stuck at GND File: C:/Users/12345/Documents/Quartus/DAV/Lab1/tb_DecodeMessage.sv Line: 9
    Warning (13410): Pin "recovered[138]" is stuck at GND File: C:/Users/12345/Documents/Quartus/DAV/Lab1/tb_DecodeMessage.sv Line: 9
    Warning (13410): Pin "recovered[139]" is stuck at GND File: C:/Users/12345/Documents/Quartus/DAV/Lab1/tb_DecodeMessage.sv Line: 9
    Warning (13410): Pin "recovered[140]" is stuck at VCC File: C:/Users/12345/Documents/Quartus/DAV/Lab1/tb_DecodeMessage.sv Line: 9
    Warning (13410): Pin "recovered[141]" is stuck at GND File: C:/Users/12345/Documents/Quartus/DAV/Lab1/tb_DecodeMessage.sv Line: 9
    Warning (13410): Pin "recovered[142]" is stuck at GND File: C:/Users/12345/Documents/Quartus/DAV/Lab1/tb_DecodeMessage.sv Line: 9
    Warning (13410): Pin "recovered[143]" is stuck at VCC File: C:/Users/12345/Documents/Quartus/DAV/Lab1/tb_DecodeMessage.sv Line: 9
    Warning (13410): Pin "recovered[144]" is stuck at VCC File: C:/Users/12345/Documents/Quartus/DAV/Lab1/tb_DecodeMessage.sv Line: 9
    Warning (13410): Pin "recovered[145]" is stuck at GND File: C:/Users/12345/Documents/Quartus/DAV/Lab1/tb_DecodeMessage.sv Line: 9
    Warning (13410): Pin "recovered[146]" is stuck at GND File: C:/Users/12345/Documents/Quartus/DAV/Lab1/tb_DecodeMessage.sv Line: 9
    Warning (13410): Pin "recovered[147]" is stuck at GND File: C:/Users/12345/Documents/Quartus/DAV/Lab1/tb_DecodeMessage.sv Line: 9
    Warning (13410): Pin "recovered[148]" is stuck at VCC File: C:/Users/12345/Documents/Quartus/DAV/Lab1/tb_DecodeMessage.sv Line: 9
    Warning (13410): Pin "recovered[149]" is stuck at GND File: C:/Users/12345/Documents/Quartus/DAV/Lab1/tb_DecodeMessage.sv Line: 9
    Warning (13410): Pin "recovered[150]" is stuck at GND File: C:/Users/12345/Documents/Quartus/DAV/Lab1/tb_DecodeMessage.sv Line: 9
    Warning (13410): Pin "recovered[151]" is stuck at VCC File: C:/Users/12345/Documents/Quartus/DAV/Lab1/tb_DecodeMessage.sv Line: 9
    Warning (13410): Pin "recovered[152]" is stuck at VCC File: C:/Users/12345/Documents/Quartus/DAV/Lab1/tb_DecodeMessage.sv Line: 9
    Warning (13410): Pin "recovered[153]" is stuck at GND File: C:/Users/12345/Documents/Quartus/DAV/Lab1/tb_DecodeMessage.sv Line: 9
    Warning (13410): Pin "recovered[154]" is stuck at GND File: C:/Users/12345/Documents/Quartus/DAV/Lab1/tb_DecodeMessage.sv Line: 9
    Warning (13410): Pin "recovered[155]" is stuck at GND File: C:/Users/12345/Documents/Quartus/DAV/Lab1/tb_DecodeMessage.sv Line: 9
    Warning (13410): Pin "recovered[156]" is stuck at VCC File: C:/Users/12345/Documents/Quartus/DAV/Lab1/tb_DecodeMessage.sv Line: 9
    Warning (13410): Pin "recovered[157]" is stuck at GND File: C:/Users/12345/Documents/Quartus/DAV/Lab1/tb_DecodeMessage.sv Line: 9
    Warning (13410): Pin "recovered[158]" is stuck at GND File: C:/Users/12345/Documents/Quartus/DAV/Lab1/tb_DecodeMessage.sv Line: 9
    Warning (13410): Pin "recovered[159]" is stuck at VCC File: C:/Users/12345/Documents/Quartus/DAV/Lab1/tb_DecodeMessage.sv Line: 9
    Warning (13410): Pin "recovered[160]" is stuck at VCC File: C:/Users/12345/Documents/Quartus/DAV/Lab1/tb_DecodeMessage.sv Line: 9
    Warning (13410): Pin "recovered[161]" is stuck at GND File: C:/Users/12345/Documents/Quartus/DAV/Lab1/tb_DecodeMessage.sv Line: 9
    Warning (13410): Pin "recovered[162]" is stuck at GND File: C:/Users/12345/Documents/Quartus/DAV/Lab1/tb_DecodeMessage.sv Line: 9
    Warning (13410): Pin "recovered[163]" is stuck at GND File: C:/Users/12345/Documents/Quartus/DAV/Lab1/tb_DecodeMessage.sv Line: 9
    Warning (13410): Pin "recovered[164]" is stuck at VCC File: C:/Users/12345/Documents/Quartus/DAV/Lab1/tb_DecodeMessage.sv Line: 9
    Warning (13410): Pin "recovered[165]" is stuck at GND File: C:/Users/12345/Documents/Quartus/DAV/Lab1/tb_DecodeMessage.sv Line: 9
    Warning (13410): Pin "recovered[166]" is stuck at GND File: C:/Users/12345/Documents/Quartus/DAV/Lab1/tb_DecodeMessage.sv Line: 9
    Warning (13410): Pin "recovered[167]" is stuck at VCC File: C:/Users/12345/Documents/Quartus/DAV/Lab1/tb_DecodeMessage.sv Line: 9
    Warning (13410): Pin "recovered[168]" is stuck at VCC File: C:/Users/12345/Documents/Quartus/DAV/Lab1/tb_DecodeMessage.sv Line: 9
    Warning (13410): Pin "recovered[169]" is stuck at GND File: C:/Users/12345/Documents/Quartus/DAV/Lab1/tb_DecodeMessage.sv Line: 9
    Warning (13410): Pin "recovered[170]" is stuck at GND File: C:/Users/12345/Documents/Quartus/DAV/Lab1/tb_DecodeMessage.sv Line: 9
    Warning (13410): Pin "recovered[171]" is stuck at GND File: C:/Users/12345/Documents/Quartus/DAV/Lab1/tb_DecodeMessage.sv Line: 9
    Warning (13410): Pin "recovered[172]" is stuck at VCC File: C:/Users/12345/Documents/Quartus/DAV/Lab1/tb_DecodeMessage.sv Line: 9
    Warning (13410): Pin "recovered[173]" is stuck at GND File: C:/Users/12345/Documents/Quartus/DAV/Lab1/tb_DecodeMessage.sv Line: 9
    Warning (13410): Pin "recovered[174]" is stuck at GND File: C:/Users/12345/Documents/Quartus/DAV/Lab1/tb_DecodeMessage.sv Line: 9
    Warning (13410): Pin "recovered[175]" is stuck at VCC File: C:/Users/12345/Documents/Quartus/DAV/Lab1/tb_DecodeMessage.sv Line: 9
    Warning (13410): Pin "recovered[176]" is stuck at VCC File: C:/Users/12345/Documents/Quartus/DAV/Lab1/tb_DecodeMessage.sv Line: 9
    Warning (13410): Pin "recovered[177]" is stuck at GND File: C:/Users/12345/Documents/Quartus/DAV/Lab1/tb_DecodeMessage.sv Line: 9
    Warning (13410): Pin "recovered[178]" is stuck at GND File: C:/Users/12345/Documents/Quartus/DAV/Lab1/tb_DecodeMessage.sv Line: 9
    Warning (13410): Pin "recovered[179]" is stuck at GND File: C:/Users/12345/Documents/Quartus/DAV/Lab1/tb_DecodeMessage.sv Line: 9
    Warning (13410): Pin "recovered[180]" is stuck at VCC File: C:/Users/12345/Documents/Quartus/DAV/Lab1/tb_DecodeMessage.sv Line: 9
    Warning (13410): Pin "recovered[181]" is stuck at GND File: C:/Users/12345/Documents/Quartus/DAV/Lab1/tb_DecodeMessage.sv Line: 9
    Warning (13410): Pin "recovered[182]" is stuck at GND File: C:/Users/12345/Documents/Quartus/DAV/Lab1/tb_DecodeMessage.sv Line: 9
    Warning (13410): Pin "recovered[183]" is stuck at VCC File: C:/Users/12345/Documents/Quartus/DAV/Lab1/tb_DecodeMessage.sv Line: 9
    Warning (13410): Pin "recovered[184]" is stuck at VCC File: C:/Users/12345/Documents/Quartus/DAV/Lab1/tb_DecodeMessage.sv Line: 9
    Warning (13410): Pin "recovered[185]" is stuck at GND File: C:/Users/12345/Documents/Quartus/DAV/Lab1/tb_DecodeMessage.sv Line: 9
    Warning (13410): Pin "recovered[186]" is stuck at GND File: C:/Users/12345/Documents/Quartus/DAV/Lab1/tb_DecodeMessage.sv Line: 9
    Warning (13410): Pin "recovered[187]" is stuck at GND File: C:/Users/12345/Documents/Quartus/DAV/Lab1/tb_DecodeMessage.sv Line: 9
    Warning (13410): Pin "recovered[188]" is stuck at VCC File: C:/Users/12345/Documents/Quartus/DAV/Lab1/tb_DecodeMessage.sv Line: 9
    Warning (13410): Pin "recovered[189]" is stuck at GND File: C:/Users/12345/Documents/Quartus/DAV/Lab1/tb_DecodeMessage.sv Line: 9
    Warning (13410): Pin "recovered[190]" is stuck at GND File: C:/Users/12345/Documents/Quartus/DAV/Lab1/tb_DecodeMessage.sv Line: 9
    Warning (13410): Pin "recovered[191]" is stuck at VCC File: C:/Users/12345/Documents/Quartus/DAV/Lab1/tb_DecodeMessage.sv Line: 9
Info (16010): Generating hard_block partition "hard_block:auto_generated_inst"
    Info (16011): Adding 0 node(s), including 0 DDIO, 0 PLL, 0 transceiver and 0 LCELL
Info (21057): Implemented 192 device resources after synthesis - the final resource count might be different
    Info (21058): Implemented 0 input pins
    Info (21059): Implemented 192 output pins
Info: Quartus Prime Analysis & Synthesis was successful. 0 errors, 195 warnings
    Info: Peak virtual memory: 4752 megabytes
    Info: Processing ended: Sat Oct 22 21:32:59 2022
    Info: Elapsed time: 00:00:08
    Info: Total CPU time (on all processors): 00:00:24


